[2024-05-23 19:51:30] [ INFO ] [BD:29] tabla creada con exito
[2024-05-23 19:51:30] [ INFO ] [PacienteDAOH2:48] iniciando la operacion de buscado de un paciente con id : 2
[2024-05-23 19:51:30] [ INFO ] [DomicilioDAOH2:44] iniciando la busqueda de un domicilio con id: 2
[2024-05-23 20:23:41] [ INFO ] [BD:29] tabla creada con exito
[2024-05-23 20:23:41] [ INFO ] [PacienteDAOH2:48] iniciando la operacion de buscado de un paciente con id : 2
[2024-05-23 20:23:41] [ INFO ] [DomicilioDAOH2:44] iniciando la busqueda de un domicilio con id: 2
[2024-05-23 20:23:47] [ INFO ] [BD:29] tabla creada con exito
[2024-05-23 20:23:47] [ INFO ] [PacienteDAOH2:48] iniciando la operacion de buscado de un paciente con id : 2
[2024-05-23 20:23:47] [ INFO ] [DomicilioDAOH2:44] iniciando la busqueda de un domicilio con id: 2
[2024-05-23 20:27:12] [ INFO ] [BD:29] tabla creada con exito
[2024-05-23 20:27:12] [ INFO ] [PacienteDAOH2:48] iniciando la operacion de buscado de un paciente con id : 2
[2024-05-23 20:27:12] [ INFO ] [DomicilioDAOH2:44] iniciando la busqueda de un domicilio con id: 2
[2024-05-23 20:27:29] [ INFO ] [BD:29] tabla creada con exito
[2024-05-23 20:27:29] [ INFO ] [PacienteDAOH2:48] iniciando la operacion de buscado de un paciente con id : 2
[2024-05-23 20:27:29] [ INFO ] [DomicilioDAOH2:44] iniciando la busqueda de un domicilio con id: 2
[2024-05-23 20:29:38] [ INFO ] [BD:29] tabla creada con exito
[2024-05-23 20:34:24] [ INFO ] [PacienteDAOH2:110] iniciando la busqueda por email: german@german.com
[2024-05-23 20:34:24] [ INFO ] [DomicilioDAOH2:44] iniciando la busqueda de un domicilio con id: 2
[2024-05-23 20:45:21] [ INFO ] [BD:29] tabla creada con exito
[2024-05-23 20:45:37] [ INFO ] [PacienteDAOH2:110] iniciando la busqueda por email: jorge.pereyra@digitalhouse.com
[2024-05-23 20:45:37] [ INFO ] [DomicilioDAOH2:44] iniciando la busqueda de un domicilio con id: 1
[2024-05-23 20:46:11] [ INFO ] [PacienteDAOH2:110] iniciando la busqueda por email: jorge.pereyra@digitalhouse.com
[2024-05-23 20:46:11] [ INFO ] [DomicilioDAOH2:44] iniciando la busqueda de un domicilio con id: 1
[2024-05-23 22:15:36] [ WARN ] [BD:40] Error de Sintaxis en sentencia SQL "INSERT INTO DOMICILIOS  (CALLE, NUMERO, LOCALIDAD, PROVINCIA) VALUES ('Siempre Viva',742,'Springfield','USA'),('Av. Uruguay',345,'Punta del Este','Uruguay')[*]INSERT INTO ODONTOLOGOS (ID, MATRICULA, NOMBRE, APELLIDO) VALUES ('1', '2352', 'Rene', 'Eldoctor')"
Syntax error in SQL statement "INSERT INTO DOMICILIOS  (CALLE, NUMERO, LOCALIDAD, PROVINCIA) VALUES ('Siempre Viva',742,'Springfield','USA'),('Av. Uruguay',345,'Punta del Este','Uruguay')[*]INSERT INTO ODONTOLOGOS (ID, MATRICULA, NOMBRE, APELLIDO) VALUES ('1', '2352', 'Rene', 'Eldoctor')"; SQL statement:
INSERT INTO DOMICILIOS  (CALLE, NUMERO, LOCALIDAD, PROVINCIA) VALUES ('Siempre Viva',742,'Springfield','USA'),('Av. Uruguay',345,'Punta del Este','Uruguay')INSERT INTO ODONTOLOGOS (ID, MATRICULA, NOMBRE, APELLIDO) VALUES ('1', '2352', 'Rene', 'Eldoctor') [42000-214]
[2024-05-23 22:23:16] [ WARN ] [BD:40] Error de Sintaxis en sentencia SQL "INSERT INTO DOMICILIOS  (CALLE, NUMERO, LOCALIDAD, PROVINCIA) VALUES ('Siempre Viva',742,'Springfield','USA'),('Av. Uruguay',345,'Punta del Este','Uruguay')[*]INSERT INTO ODONTOLOGOS (ID, MATRICULA, NOMBRE, APELLIDO) VALUES ('','12345','Rene','Eldoctor')"
Syntax error in SQL statement "INSERT INTO DOMICILIOS  (CALLE, NUMERO, LOCALIDAD, PROVINCIA) VALUES ('Siempre Viva',742,'Springfield','USA'),('Av. Uruguay',345,'Punta del Este','Uruguay')[*]INSERT INTO ODONTOLOGOS (ID, MATRICULA, NOMBRE, APELLIDO) VALUES ('','12345','Rene','Eldoctor')"; SQL statement:
INSERT INTO DOMICILIOS  (CALLE, NUMERO, LOCALIDAD, PROVINCIA) VALUES ('Siempre Viva',742,'Springfield','USA'),('Av. Uruguay',345,'Punta del Este','Uruguay')INSERT INTO ODONTOLOGOS (ID, MATRICULA, NOMBRE, APELLIDO) VALUES ('','12345','Rene','Eldoctor') [42000-214]
[2024-05-23 22:24:11] [ WARN ] [BD:40] Tabla "ODONTOLOGOS" no encontrada
Table "ODONTOLOGOS" not found; SQL statement:
INSERT INTO ODONTOLOGOS (ID, MATRICULA, NOMBRE, APELLIDO) VALUES ('','12345','Rene','Eldoctor');  [42102-214]
[2024-05-23 22:26:02] [ WARN ] [BD:40] Tabla "ODONTOLOGOS" no encontrada
Table "ODONTOLOGOS" not found; SQL statement:
INSERT INTO ODONTOLOGOS (ID, MATRICULA, NOMBRE, APELLIDO) VALUES ('','12345','Rene','Eldoctor');  [42102-214]
[2024-05-23 22:29:24] [ WARN ] [BD:40] Tabla "ODONTOLOGOS" no encontrada
Table "ODONTOLOGOS" not found; SQL statement:
INSERT INTO ODONTOLOGOS (ID, MATRICULA, NOMBRE, APELLIDO) VALUES ('1','12345','Rene','Eldoctor');  [42102-214]
[2024-05-23 22:29:44] [ WARN ] [BD:40] Tabla "ODONTOLOGOS" no encontrada
Table "ODONTOLOGOS" not found; SQL statement:
INSERT INTO ODONTOLOGOS (MATRICULA, NOMBRE, APELLIDO) VALUES ('12345','Rene','Eldoctor');  [42102-214]
[2024-05-23 22:30:24] [ INFO ] [BD:35] tabla creada con exito
[2024-05-23 22:30:53] [ INFO ] [PacienteDAOH2:110] iniciando la busqueda por email: jorge.pereyra@digitalhouse.com
[2024-05-23 22:30:53] [ INFO ] [DomicilioDAOH2:44] iniciando la busqueda de un domicilio con id: 1
[2024-05-23 22:30:57] [ INFO ] [PacienteDAOH2:110] iniciando la busqueda por email: german@german.com
[2024-05-23 22:30:57] [ INFO ] [DomicilioDAOH2:44] iniciando la busqueda de un domicilio con id: 2
[2024-05-23 22:31:07] [ INFO ] [PacienteDAOH2:110] iniciando la busqueda por email: jorge.pereyra@digitalhouse.com
[2024-05-23 22:31:07] [ INFO ] [DomicilioDAOH2:44] iniciando la busqueda de un domicilio con id: 1
[2024-05-23 22:31:21] [ INFO ] [OdontologoDaoH2:83] iniciando la operacion de buscado de un odontologo con id : 1
[2024-05-23 22:31:32] [ INFO ] [OdontologoDaoH2:83] iniciando la operacion de buscado de un odontologo con id : 2
[2024-05-23 22:31:35] [ INFO ] [OdontologoDaoH2:83] iniciando la operacion de buscado de un odontologo con id : 1
[2024-05-23 22:32:33] [ INFO ] [OdontologoDaoH2:83] iniciando la operacion de buscado de un odontologo con id : 1
[2024-05-23 22:32:54] [ INFO ] [BD:35] tabla creada con exito
[2024-05-23 22:33:21] [ INFO ] [PacienteDAOH2:110] iniciando la busqueda por email: german@german.com
[2024-05-23 22:33:21] [ INFO ] [DomicilioDAOH2:44] iniciando la busqueda de un domicilio con id: 2
[2024-05-23 22:33:28] [ INFO ] [OdontologoDaoH2:83] iniciando la operacion de buscado de un odontologo con id : 1
[2024-05-23 22:33:34] [ INFO ] [PacienteDAOH2:110] iniciando la busqueda por email: jorge.pereyra@digitalhouse.com
[2024-05-23 22:33:34] [ INFO ] [DomicilioDAOH2:44] iniciando la busqueda de un domicilio con id: 1
[2024-05-23 22:40:01] [ INFO ] [BD:35] tabla creada con exito
[2024-05-23 22:40:25] [ INFO ] [PacienteDAOH2:110] iniciando la busqueda por email: jorge.pereyra@digitalhouse.com
[2024-05-23 22:40:25] [ INFO ] [DomicilioDAOH2:44] iniciando la busqueda de un domicilio con id: 1
[2024-05-23 22:40:32] [ INFO ] [OdontologoDaoH2:83] iniciando la operacion de buscado de un odontologo con id : 1
[2024-05-23 22:58:06] [ INFO ] [BD:35] tabla creada con exito
[2024-05-23 22:58:14] [ INFO ] [PacienteDAOH2:110] iniciando la busqueda por email: jorge.pereyra@digitalhouse.com
[2024-05-23 22:58:14] [ INFO ] [DomicilioDAOH2:44] iniciando la busqueda de un domicilio con id: 1
[2024-05-23 22:59:23] [ INFO ] [OdontologoDaoH2:83] iniciando la operacion de buscado de un odontologo con id : 1
[2024-05-23 23:12:50] [ INFO ] [BD:35] tabla creada con exito
[2024-05-23 23:16:06] [ INFO ] [OdontologoDaoH2:83] iniciando la operacion de buscado de un odontologo con id : 1
[2024-05-23 23:16:07] [ INFO ] [OdontologoDaoH2:83] iniciando la operacion de buscado de un odontologo con id : 1
[2024-05-23 23:16:16] [ INFO ] [PacienteDAOH2:110] iniciando la busqueda por email: jorge.pereyra@digitalhouse.com
[2024-05-23 23:16:16] [ INFO ] [DomicilioDAOH2:44] iniciando la busqueda de un domicilio con id: 1
[2024-05-23 23:16:24] [ INFO ] [PacienteDAOH2:110] iniciando la busqueda por email: jorge.pereyra@digitalhouse.com
[2024-05-23 23:16:24] [ INFO ] [DomicilioDAOH2:44] iniciando la busqueda de un domicilio con id: 1
[2024-05-23 23:16:36] [ INFO ] [PacienteDAOH2:110] iniciando la busqueda por email: jorge.pereyra@digitalhouse.com?odontologo=1
[2024-05-23 23:19:53] [ INFO ] [PacienteDAOH2:110] iniciando la busqueda por email: jorge.pereyra@digitalhouse.com
[2024-05-23 23:19:53] [ INFO ] [DomicilioDAOH2:44] iniciando la busqueda de un domicilio con id: 1
[2024-05-23 23:20:04] [ INFO ] [PacienteDAOH2:110] iniciando la busqueda por email: jorge.pereyra@digitalhouse.com
[2024-05-23 23:20:04] [ INFO ] [DomicilioDAOH2:44] iniciando la busqueda de un domicilio con id: 1
[2024-05-23 23:20:09] [ INFO ] [PacienteDAOH2:110] iniciando la busqueda por email: jorge.pereyra@digitalhouse.com
[2024-05-23 23:20:09] [ INFO ] [DomicilioDAOH2:44] iniciando la busqueda de un domicilio con id: 1
[2024-05-23 23:20:16] [ INFO ] [PacienteDAOH2:110] iniciando la busqueda por email: jorge.pereyra@digitalhouse.com
[2024-05-23 23:20:16] [ INFO ] [DomicilioDAOH2:44] iniciando la busqueda de un domicilio con id: 1
[2024-05-23 23:22:11] [ INFO ] [BD:35] tabla creada con exito
[2024-05-23 23:22:15] [ INFO ] [BD:35] tabla creada con exito
[2024-05-23 23:22:16] [ INFO ] [PacienteDAOH2:110] iniciando la busqueda por email: jorge.pereyra@digitalhouse.com
[2024-05-23 23:22:16] [ INFO ] [DomicilioDAOH2:44] iniciando la busqueda de un domicilio con id: 1
[2024-05-23 23:22:29] [ INFO ] [OdontologoDaoH2:83] iniciando la operacion de buscado de un odontologo con id : 1
[2024-05-23 23:31:34] [ INFO ] [OdontologoDaoH2:83] iniciando la operacion de buscado de un odontologo con id : 1
[2024-05-23 23:31:35] [ INFO ] [OdontologoDaoH2:83] iniciando la operacion de buscado de un odontologo con id : 1
[2024-05-23 23:31:46] [ INFO ] [BD:35] tabla creada con exito
[2024-05-23 23:31:52] [ INFO ] [PacienteDAOH2:110] iniciando la busqueda por email: jorge.pereyra@digitalhouse.com
[2024-05-23 23:31:52] [ INFO ] [DomicilioDAOH2:44] iniciando la busqueda de un domicilio con id: 1
[2024-05-23 23:33:06] [ INFO ] [BD:35] tabla creada con exito
[2024-05-23 23:33:22] [ INFO ] [PacienteDAOH2:110] iniciando la busqueda por email: jorge.pereyra@digitalhouse.com
[2024-05-23 23:33:22] [ INFO ] [DomicilioDAOH2:44] iniciando la busqueda de un domicilio con id: 1
[2024-05-23 23:33:29] [ INFO ] [PacienteDAOH2:110] iniciando la busqueda por email: german@german.com
[2024-05-23 23:33:29] [ INFO ] [DomicilioDAOH2:44] iniciando la busqueda de un domicilio con id: 2
[2024-05-23 23:34:15] [ INFO ] [BD:35] tabla creada con exito
[2024-05-23 23:34:27] [ INFO ] [PacienteDAOH2:110] iniciando la busqueda por email: german@german.com
[2024-05-23 23:34:27] [ INFO ] [DomicilioDAOH2:44] iniciando la busqueda de un domicilio con id: 2
[2024-05-23 23:34:30] [ INFO ] [PacienteDAOH2:110] iniciando la busqueda por email: german@german.com
[2024-05-23 23:34:30] [ INFO ] [DomicilioDAOH2:44] iniciando la busqueda de un domicilio con id: 2
[2024-05-23 23:35:56] [ INFO ] [BD:35] tabla creada con exito
[2024-05-23 23:36:09] [ INFO ] [OdontologoDaoH2:83] iniciando la operacion de buscado de un odontologo con id : 1
[2024-05-23 23:36:45] [ INFO ] [PacienteDAOH2:110] iniciando la busqueda por email: jorge.pereyra@digitalhouse.com
[2024-05-23 23:36:45] [ INFO ] [DomicilioDAOH2:44] iniciando la busqueda de un domicilio con id: 1
[2024-05-23 23:36:53] [ INFO ] [PacienteDAOH2:110] iniciando la busqueda por email: jorge.pereyra@digitalhouse.com
[2024-05-23 23:36:53] [ INFO ] [DomicilioDAOH2:44] iniciando la busqueda de un domicilio con id: 1
[2024-05-23 23:37:03] [ INFO ] [PacienteDAOH2:110] iniciando la busqueda por email: jorge.pereyra@digitalhouse.com
[2024-05-23 23:37:03] [ INFO ] [DomicilioDAOH2:44] iniciando la busqueda de un domicilio con id: 1
[2024-05-23 23:37:08] [ INFO ] [PacienteDAOH2:110] iniciando la busqueda por email: jorge.pereyra@digitalhouse.com?odontologo?id=1
[2024-05-23 23:37:28] [ INFO ] [PacienteDAOH2:110] iniciando la busqueda por email: jorge.pereyra@digitalhouse.com
[2024-05-23 23:37:28] [ INFO ] [DomicilioDAOH2:44] iniciando la busqueda de un domicilio con id: 1
[2024-05-23 23:37:41] [ INFO ] [OdontologoDaoH2:83] iniciando la operacion de buscado de un odontologo con id : 1
[2024-05-28 20:52:52] [ INFO ] [BD:35] tabla creada con exito
[2024-05-28 20:52:52] [ INFO ] [PacienteDAOH2:50] iniciando la operacion de buscado de un paciente con id : 2
[2024-05-28 20:52:52] [ INFO ] [DomicilioDAOH2:45] iniciando la busqueda de un domicilio con id: 2
[2024-05-28 20:53:17] [ INFO ] [BD:35] tabla creada con exito
[2024-05-28 21:01:22] [ INFO ] [BD:35] tabla creada con exito
[2024-05-28 21:05:36] [ INFO ] [PacienteDAOH2:21] inciando las operaciones de guardado
[2024-05-28 21:05:36] [ INFO ] [DomicilioDAOH2:20] iniciando las operaciones de guardado
[2024-05-28 21:05:36] [ INFO ] [DomicilioDAOH2:34] domicilio guardado
[2024-05-28 21:05:36] [ INFO ] [PacienteDAOH2:39] paciente guardado
[2024-05-28 21:06:20] [ INFO ] [PacienteDAOH2:50] iniciando la operacion de buscado de un paciente con id : null
[2024-05-28 21:06:20] [ ERROR] [PacienteDAOH2:68] Cannot invoke "java.lang.Integer.intValue()" because "id" is null
[2024-05-28 21:06:55] [ INFO ] [PacienteDAOH2:50] iniciando la operacion de buscado de un paciente con id : 3
[2024-05-28 21:06:55] [ INFO ] [DomicilioDAOH2:45] iniciando la busqueda de un domicilio con id: 3
[2024-05-28 21:06:55] [ WARN ] [PacienteDAOH2:82] Iniciando las operaciones de actualizacion de un paciente con id: 3
[2024-05-28 21:06:55] [ INFO ] [DomicilioDAOH2:70] Iniciando la actualizacion del domicilio con id: null
[2024-05-28 21:06:55] [ ERROR] [DomicilioDAOH2:83] Cannot invoke "java.lang.Integer.intValue()" because the return value of "BackEndC3.ClinicaOdontologica.model.Domicilio.getId()" is null
[2024-05-28 21:06:55] [ ERROR] [PacienteDAOH2:99] Cannot invoke "java.lang.Integer.intValue()" because the return value of "BackEndC3.ClinicaOdontologica.model.Domicilio.getId()" is null
[2024-05-28 21:07:35] [ INFO ] [PacienteDAOH2:50] iniciando la operacion de buscado de un paciente con id : 3
[2024-05-28 21:07:35] [ INFO ] [DomicilioDAOH2:45] iniciando la busqueda de un domicilio con id: 3
[2024-05-28 21:07:35] [ WARN ] [PacienteDAOH2:82] Iniciando las operaciones de actualizacion de un paciente con id: 3
[2024-05-28 21:07:35] [ INFO ] [DomicilioDAOH2:70] Iniciando la actualizacion del domicilio con id: 3
[2024-05-28 21:14:45] [ INFO ] [BD:35] tabla creada con exito
[2024-05-28 21:14:56] [ INFO ] [PacienteDAOH2:131] iniciando la busqueda por email: julian@julian.com
[2024-05-28 21:15:24] [ INFO ] [BD:35] tabla creada con exito
[2024-05-28 21:15:39] [ INFO ] [PacienteDAOH2:131] iniciando la busqueda por email: julian@julian.com
[2024-05-28 21:17:55] [ INFO ] [BD:35] tabla creada con exito
[2024-05-28 22:22:48] [ INFO ] [BD:35] tabla creada con exito
[2024-05-28 22:26:24] [ INFO ] [BD:35] tabla creada con exito
[2024-05-28 22:35:10] [ INFO ] [PacienteDAOH2:21] inciando las operaciones de guardado
[2024-05-28 22:35:10] [ INFO ] [DomicilioDAOH2:20] iniciando las operaciones de guardado
[2024-05-28 22:35:10] [ ERROR] [DomicilioDAOH2:37] Cannot invoke "BackEndC3.ClinicaOdontologica.model.Domicilio.getCalle()" because "domicilio" is null
[2024-05-28 22:35:10] [ ERROR] [PacienteDAOH2:43] Cannot invoke "java.time.LocalDate.getYear()" because "date" is null
[2024-05-28 22:35:57] [ INFO ] [PacienteDAOH2:50] iniciando la operacion de buscado de un paciente con id : 1
[2024-05-28 22:35:57] [ INFO ] [DomicilioDAOH2:45] iniciando la busqueda de un domicilio con id: 1
[2024-05-28 22:35:57] [ WARN ] [PacienteDAOH2:82] Iniciando las operaciones de actualizacion de un paciente con id: 1
[2024-05-28 22:35:57] [ ERROR] [PacienteDAOH2:99] Cannot invoke "BackEndC3.ClinicaOdontologica.model.Domicilio.getId()" because "domicilio" is null
[2024-05-28 22:40:25] [ INFO ] [BD:35] tabla creada con exito
[2024-05-28 22:47:42] [ INFO ] [PacienteDAOH2:21] inciando las operaciones de guardado
[2024-05-28 22:47:42] [ INFO ] [DomicilioDAOH2:20] iniciando las operaciones de guardado
[2024-05-28 22:47:42] [ ERROR] [DomicilioDAOH2:37] La columna "LOCALIDAD" no permite valores nulos (NULL)
NULL not allowed for column "LOCALIDAD"; SQL statement:
INSERT INTO DOMICILIOS (CALLE, NUMERO,LOCALIDAD, PROVINCIA) VALUES(?,?,?,?) [23502-214]
[2024-05-28 22:47:42] [ INFO ] [PacienteDAOH2:39] paciente guardado
[2024-05-28 22:48:24] [ INFO ] [PacienteDAOH2:50] iniciando la operacion de buscado de un paciente con id : 1234
[2024-05-28 22:48:44] [ INFO ] [PacienteDAOH2:50] iniciando la operacion de buscado de un paciente con id : 123
[2024-05-28 22:48:48] [ INFO ] [PacienteDAOH2:50] iniciando la operacion de buscado de un paciente con id : 123
[2024-05-28 22:49:31] [ INFO ] [PacienteDAOH2:50] iniciando la operacion de buscado de un paciente con id : 3
[2024-05-28 22:49:31] [ INFO ] [DomicilioDAOH2:45] iniciando la busqueda de un domicilio con id: 123
[2024-05-28 22:49:31] [ WARN ] [PacienteDAOH2:82] Iniciando las operaciones de actualizacion de un paciente con id: 3
[2024-05-28 22:49:31] [ ERROR] [PacienteDAOH2:99] Cannot invoke "BackEndC3.ClinicaOdontologica.model.Domicilio.getId()" because "domicilio" is null
[2024-05-28 22:50:54] [ INFO ] [PacienteDAOH2:50] iniciando la operacion de buscado de un paciente con id : 3
[2024-05-28 22:50:54] [ INFO ] [DomicilioDAOH2:45] iniciando la busqueda de un domicilio con id: 123
[2024-05-28 22:50:54] [ WARN ] [PacienteDAOH2:82] Iniciando las operaciones de actualizacion de un paciente con id: 3
[2024-05-28 22:50:54] [ INFO ] [DomicilioDAOH2:70] Iniciando la actualizacion del domicilio con id: 3
[2024-05-28 22:51:17] [ INFO ] [PacienteDAOH2:21] inciando las operaciones de guardado
[2024-05-28 22:51:17] [ INFO ] [DomicilioDAOH2:20] iniciando las operaciones de guardado
[2024-05-28 22:51:17] [ ERROR] [DomicilioDAOH2:37] La columna "LOCALIDAD" no permite valores nulos (NULL)
NULL not allowed for column "LOCALIDAD"; SQL statement:
INSERT INTO DOMICILIOS (CALLE, NUMERO,LOCALIDAD, PROVINCIA) VALUES(?,?,?,?) [23502-214]
[2024-05-28 22:51:17] [ INFO ] [PacienteDAOH2:39] paciente guardado
[2024-05-30 19:34:04] [ INFO ] [BD:35] tabla creada con exito
[2024-05-30 19:34:25] [ INFO ] [PacienteDAOH2:131] iniciando la busqueda por email: jorge.pereyra@digitalhouse.com
[2024-05-30 19:34:25] [ INFO ] [DomicilioDAOH2:45] iniciando la busqueda de un domicilio con id: 1
[2024-05-30 19:36:22] [ INFO ] [BD:35] tabla creada con exito
[2024-05-30 19:37:16] [ INFO ] [BD:35] tabla creada con exito
[2024-05-30 19:38:01] [ INFO ] [BD:35] tabla creada con exito
[2024-05-30 19:40:22] [ INFO ] [BD:35] tabla creada con exito
